{
  "stats": {
    "suites": 1,
    "tests": 2,
    "passes": 2,
    "pending": 0,
    "failures": 0,
    "start": "2024-12-28T00:08:34.451Z",
    "end": "2024-12-28T00:08:48.892Z",
    "duration": 14441,
    "testsRegistered": 2,
    "passPercent": 100,
    "pendingPercent": 0,
    "other": 0,
    "hasOther": false,
    "skipped": 0,
    "hasSkipped": false
  },
  "results": [
    {
      "uuid": "183f461a-74aa-42af-81ae-956138058f19",
      "title": "",
      "fullFile": "cypress\\e2e\\cadastro-correto.cy.js",
      "file": "cypress\\e2e\\cadastro-correto.cy.js",
      "beforeHooks": [],
      "afterHooks": [],
      "tests": [],
      "suites": [
        {
          "uuid": "00816ae0-b1a3-4753-8efd-714b64e2823b",
          "title": "Página de Cadastro",
          "fullFile": "",
          "file": "",
          "beforeHooks": [],
          "afterHooks": [],
          "tests": [
            {
              "title": "Deve cadastrar um novo usuário com sucesso",
              "fullTitle": "Página de Cadastro Deve cadastrar um novo usuário com sucesso",
              "timedOut": null,
              "duration": 9206,
              "state": "passed",
              "speed": "medium",
              "pass": true,
              "fail": false,
              "pending": false,
              "context": null,
              "code": "cy.get('[data-test=\"register-button\"]').click();\ncy.cadastro('Aline Dias', 'alineafd.dias@gmail.com', 'Aline123#', 'Aline123#');\ncy.get('[data-test=\"submit-button\"]').click();",
              "err": {},
              "uuid": "cf35c18f-7ff8-4d65-ab42-feac27eb78b1",
              "parentUUID": "00816ae0-b1a3-4753-8efd-714b64e2823b",
              "isHook": false,
              "skipped": false
            },
            {
              "title": "Deve ver pets disponíveis para adoção com sucesso",
              "fullTitle": "Página de Cadastro Deve ver pets disponíveis para adoção com sucesso",
              "timedOut": null,
              "duration": 1184,
              "state": "passed",
              "speed": "fast",
              "pass": true,
              "fail": false,
              "pending": false,
              "context": null,
              "code": "cy.get('.button').click();",
              "err": {},
              "uuid": "0a451b10-4b6f-4f8b-9d5d-e92d5a542d9e",
              "parentUUID": "00816ae0-b1a3-4753-8efd-714b64e2823b",
              "isHook": false,
              "skipped": false
            }
          ],
          "suites": [],
          "passes": [
            "cf35c18f-7ff8-4d65-ab42-feac27eb78b1",
            "0a451b10-4b6f-4f8b-9d5d-e92d5a542d9e"
          ],
          "failures": [],
          "pending": [],
          "skipped": [],
          "duration": 10390,
          "root": false,
          "rootEmpty": false,
          "_timeout": 2000
        }
      ],
      "passes": [],
      "failures": [],
      "pending": [],
      "skipped": [],
      "duration": 0,
      "root": true,
      "rootEmpty": true,
      "_timeout": 2000
    }
  ],
  "meta": {
    "mocha": {
      "version": "7.0.1"
    },
    "mochawesome": {
      "options": {
        "quiet": false,
        "reportFilename": "mochawesome",
        "saveHtml": false,
        "saveJson": true,
        "consoleReporter": "spec",
        "useInlineDiffs": false,
        "code": true
      },
      "version": "7.1.3"
    },
    "marge": {
      "options": {
        "reportDir": "cypress/results",
        "overwrite": false,
        "html": false,
        "json": true,
        "timestamp": "mmddyyyy_HHMMss"
      },
      "version": "6.2.0"
    }
  }
}