{
  "stats": {
    "suites": 1,
    "tests": 1,
    "passes": 0,
    "pending": 0,
    "failures": 1,
    "start": "2024-12-29T20:20:47.176Z",
    "end": "2024-12-29T20:21:17.975Z",
    "duration": 30799,
    "testsRegistered": 1,
    "passPercent": 0,
    "pendingPercent": 0,
    "other": 0,
    "hasOther": false,
    "skipped": 0,
    "hasSkipped": false
  },
  "results": [
    {
      "uuid": "3cfc5f9d-f13f-4a4f-844a-67b1d5dc20c0",
      "title": "",
      "fullFile": "cypress\\e2e\\api-mensagem.cy.js",
      "file": "cypress\\e2e\\api-mensagem.cy.js",
      "beforeHooks": [],
      "afterHooks": [],
      "tests": [],
      "suites": [
        {
          "uuid": "22d3835c-d176-49a7-9885-fc831dba1e4e",
          "title": "Api adopet",
          "fullFile": "",
          "file": "",
          "beforeHooks": [],
          "afterHooks": [],
          "tests": [
            {
              "title": "Mensagens da API",
              "fullTitle": "Api adopet Mensagens da API",
              "timedOut": null,
              "duration": 30533,
              "state": "failed",
              "speed": null,
              "pass": false,
              "fail": true,
              "pending": false,
              "context": null,
              "code": "cy.request({\n  method: 'GET',\n  url: 'https://adopet-api-i8qu.onrender.com/mensagem/9c61cd93-3ed1-45f3-a95f-2abe8ba7244c',\n  headers: Cypress.env()\n}).then(res => {\n  expect(res.status).to.be.equal(200);\n  expect(res.body).is.not.empty;\n  expect(res.body).to.have.property('msg');\n});",
              "err": {
                "message": "CypressError: `cy.request()` timed out waiting `30000ms` for a response from your server.\n\nThe request we sent was:\n\nMethod: GET\nURL: https://adopet-api-i8qu.onrender.com/mensagem/9c61cd93-3ed1-45f3-a95f-2abe8ba7244c\n\nNo response was received within the timeout.\n\nhttps://on.cypress.io/request",
                "estack": "CypressError: `cy.request()` timed out waiting `30000ms` for a response from your server.\n\nThe request we sent was:\n\nMethod: GET\nURL: https://adopet-api-i8qu.onrender.com/mensagem/9c61cd93-3ed1-45f3-a95f-2abe8ba7244c\n\nNo response was received within the timeout.\n\nhttps://on.cypress.io/request\n    at <unknown> (http://localhost:57869/__cypress/runner/cypress_runner.js:133045:70)\n    at tryCatcher (http://localhost:57869/__cypress/runner/cypress_runner.js:1807:23)\n    at <unknown> (http://localhost:57869/__cypress/runner/cypress_runner.js:4186:41)\n    at tryCatcher (http://localhost:57869/__cypress/runner/cypress_runner.js:1807:23)\n    at Promise._settlePromiseFromHandler (http://localhost:57869/__cypress/runner/cypress_runner.js:1519:31)\n    at Promise._settlePromise (http://localhost:57869/__cypress/runner/cypress_runner.js:1576:18)\n    at Promise._settlePromise0 (http://localhost:57869/__cypress/runner/cypress_runner.js:1621:10)\n    at Promise._settlePromises (http://localhost:57869/__cypress/runner/cypress_runner.js:1697:18)\n    at _drainQueueStep (http://localhost:57869/__cypress/runner/cypress_runner.js:2407:12)\n    at _drainQueue (http://localhost:57869/__cypress/runner/cypress_runner.js:2400:9)\n    at Async._drainQueues (http://localhost:57869/__cypress/runner/cypress_runner.js:2416:5)\n    at Async.drainQueues (http://localhost:57869/__cypress/runner/cypress_runner.js:2286:14)\nFrom Your Spec Code:\n    at Context.eval (webpack://curso_cypress/./cypress/e2e/api-mensagem.cy.js:3:11)",
                "diff": null
              },
              "uuid": "b5e6883c-1add-4264-8cb7-b9413fc37408",
              "parentUUID": "22d3835c-d176-49a7-9885-fc831dba1e4e",
              "isHook": false,
              "skipped": false
            }
          ],
          "suites": [],
          "passes": [],
          "failures": [
            "b5e6883c-1add-4264-8cb7-b9413fc37408"
          ],
          "pending": [],
          "skipped": [],
          "duration": 30533,
          "root": false,
          "rootEmpty": false,
          "_timeout": 2000
        }
      ],
      "passes": [],
      "failures": [],
      "pending": [],
      "skipped": [],
      "duration": 0,
      "root": true,
      "rootEmpty": true,
      "_timeout": 2000
    }
  ],
  "meta": {
    "mocha": {
      "version": "7.0.1"
    },
    "mochawesome": {
      "options": {
        "quiet": false,
        "reportFilename": "mochawesome",
        "saveHtml": false,
        "saveJson": true,
        "consoleReporter": "spec",
        "useInlineDiffs": false,
        "code": true
      },
      "version": "7.1.3"
    },
    "marge": {
      "options": {
        "reportDir": "cypress/results",
        "overwrite": false,
        "html": false,
        "json": true,
        "timestamp": "mmddyyyy_HHMMss"
      },
      "version": "6.2.0"
    }
  }
}