{
  "stats": {
    "suites": 1,
    "tests": 2,
    "passes": 2,
    "pending": 0,
    "failures": 0,
    "start": "2024-12-28T00:04:39.984Z",
    "end": "2024-12-28T00:04:58.442Z",
    "duration": 18458,
    "testsRegistered": 2,
    "passPercent": 100,
    "pendingPercent": 0,
    "other": 0,
    "hasOther": false,
    "skipped": 0,
    "hasSkipped": false
  },
  "results": [
    {
      "uuid": "555e3b78-cf4b-435e-8ca6-80ecee1a94b1",
      "title": "",
      "fullFile": "cypress\\e2e\\cadastro-correto.cy.js",
      "file": "cypress\\e2e\\cadastro-correto.cy.js",
      "beforeHooks": [],
      "afterHooks": [],
      "tests": [],
      "suites": [
        {
          "uuid": "761831ee-1f41-4bb0-a34b-e672738588a5",
          "title": "Página de Cadastro",
          "fullFile": "",
          "file": "",
          "beforeHooks": [],
          "afterHooks": [],
          "tests": [
            {
              "title": "Deve cadastrar um novo usuário com sucesso",
              "fullTitle": "Página de Cadastro Deve cadastrar um novo usuário com sucesso",
              "timedOut": null,
              "duration": 8473,
              "state": "passed",
              "speed": "medium",
              "pass": true,
              "fail": false,
              "pending": false,
              "context": null,
              "code": "cy.get('[data-test=\"register-button\"]').click();\ncy.cadastro('Aline Dias', 'alineafd.dias@gmail.com', 'Aline123#', 'Aline123#');\ncy.get('[data-test=\"submit-button\"]').click();",
              "err": {},
              "uuid": "56d6d2a5-f5f5-4004-b9ec-d3e0d75b1c6b",
              "parentUUID": "761831ee-1f41-4bb0-a34b-e672738588a5",
              "isHook": false,
              "skipped": false
            },
            {
              "title": "Deve ver pets disponíveis para adoção com sucesso",
              "fullTitle": "Página de Cadastro Deve ver pets disponíveis para adoção com sucesso",
              "timedOut": null,
              "duration": 4278,
              "state": "passed",
              "speed": "fast",
              "pass": true,
              "fail": false,
              "pending": false,
              "context": null,
              "code": "cy.get('.button').click();",
              "err": {},
              "uuid": "0657703a-957e-491f-a9c3-1163331ef3c4",
              "parentUUID": "761831ee-1f41-4bb0-a34b-e672738588a5",
              "isHook": false,
              "skipped": false
            }
          ],
          "suites": [],
          "passes": [
            "56d6d2a5-f5f5-4004-b9ec-d3e0d75b1c6b",
            "0657703a-957e-491f-a9c3-1163331ef3c4"
          ],
          "failures": [],
          "pending": [],
          "skipped": [],
          "duration": 12751,
          "root": false,
          "rootEmpty": false,
          "_timeout": 2000
        }
      ],
      "passes": [],
      "failures": [],
      "pending": [],
      "skipped": [],
      "duration": 0,
      "root": true,
      "rootEmpty": true,
      "_timeout": 2000
    }
  ],
  "meta": {
    "mocha": {
      "version": "7.0.1"
    },
    "mochawesome": {
      "options": {
        "quiet": false,
        "reportFilename": "mochawesome",
        "saveHtml": false,
        "saveJson": true,
        "consoleReporter": "spec",
        "useInlineDiffs": false,
        "code": true
      },
      "version": "7.1.3"
    },
    "marge": {
      "options": {
        "reportDir": "cypress/results",
        "overwrite": false,
        "html": false,
        "json": true,
        "timestamp": "mmddyyyy_HHMMss"
      },
      "version": "6.2.0"
    }
  }
}